#-----------------------------------------------------------
# Vivado v2018.1 (64-bit)
# SW Build 2188600 on Wed Apr  4 18:40:38 MDT 2018
# IP Build 2185939 on Wed Apr  4 20:55:05 MDT 2018
# Start of session at: Mon May 28 10:43:18 2018
# Process ID: 8244
# Current directory: D:/SDU/4th Semester/Semester Project/mspro4/Led Panel Driver V2
# Command line: vivado.exe -gui_launcher_event rodinguilauncherevent18224 D:\SDU\4th Semester\Semester Project\mspro4\Led Panel Driver V2\Led Panel Driver V2.xpr
# Log file: D:/SDU/4th Semester/Semester Project/mspro4/Led Panel Driver V2/vivado.log
# Journal file: D:/SDU/4th Semester/Semester Project/mspro4/Led Panel Driver V2\vivado.jou
#-----------------------------------------------------------
start_gui
open_project {D:/SDU/4th Semester/Semester Project/mspro4/Led Panel Driver V2/Led Panel Driver V2.xpr}
Scanning sources...
Finished scanning sources
INFO: [IP_Flow 19-234] Refreshing IP repositories
INFO: [IP_Flow 19-1704] No user IP repositories specified
INFO: [IP_Flow 19-2313] Loaded Vivado IP repository 'D:/Xilinx/Vivado/Vivado/2018.1/data/ip'.
open_project: Time (s): cpu = 00:00:13 ; elapsed = 00:00:08 . Memory (MB): peak = 866.402 ; gain = 144.000
update_compile_order -fileset sources_1
exit
INFO: [Common 17-206] Exiting Vivado at Mon May 28 10:44:25 2018...
