#-----------------------------------------------------------
# Vivado v2018.1 (64-bit)
# SW Build 2188600 on Wed Apr  4 18:40:38 MDT 2018
# IP Build 2185939 on Wed Apr  4 20:55:05 MDT 2018
# Start of session at: Fri Jun  1 09:29:54 2018
# Process ID: 13248
# Current directory: D:/SDU/4th Semester/Semester Project/mspro4/Led Panel Driver/Led_Panel_Driver
# Command line: vivado.exe -gui_launcher_event rodinguilauncherevent1432 D:\SDU\4th Semester\Semester Project\mspro4\Led Panel Driver\Led_Panel_Driver\Led_Panel_Driver.xpr
# Log file: D:/SDU/4th Semester/Semester Project/mspro4/Led Panel Driver/Led_Panel_Driver/vivado.log
# Journal file: D:/SDU/4th Semester/Semester Project/mspro4/Led Panel Driver/Led_Panel_Driver\vivado.jou
#-----------------------------------------------------------
start_gui
open_project -read_only {D:/SDU/4th Semester/Semester Project/mspro4/Led Panel Driver/Led_Panel_Driver/Led_Panel_Driver.xpr}
Scanning sources...
Finished scanning sources
WARNING: [Project 1-229] Project 'Led_Panel_Driver.xpr' is read-only and therefore could not be upgraded for this version of Vivado.  Use 'File | Save Project As...' if you wish to save an upgraded copy.
INFO: [IP_Flow 19-234] Refreshing IP repositories
INFO: [IP_Flow 19-1704] No user IP repositories specified
INFO: [IP_Flow 19-2313] Loaded Vivado IP repository 'D:/Xilinx/Vivado/Vivado/2018.1/data/ip'.
open_project: Time (s): cpu = 00:00:15 ; elapsed = 00:00:16 . Memory (MB): peak = 782.387 ; gain = 93.102
update_compile_order -fileset sources_1
exit
INFO: [Common 17-206] Exiting Vivado at Fri Jun  1 09:32:18 2018...
